<?xml version="1.0" encoding="UTF-8"?>
<testsuite name="onPropertyConfigChanged" tests="5" skipped="0" failures="0" errors="0" timestamp="2026-07-01T14:14:33" hostname="LingkeshVerse.local" time="0.065">
  <properties/>
  <testcase name="should create audit event for property config deletion" classname="com.strataresolve.audit.service.AuditEventListenerTest$OnPropertyConfigChangedTests" time="0.041"/>
  <testcase name="should create audit event for property config update" classname="com.strataresolve.audit.service.AuditEventListenerTest$OnPropertyConfigChangedTests" time="0.004"/>
  <testcase name="should handle SLA policy changes" classname="com.strataresolve.audit.service.AuditEventListenerTest$OnPropertyConfigChangedTests" time="0.004"/>
  <testcase name="should create audit event for property config creation" classname="com.strataresolve.audit.service.AuditEventListenerTest$OnPropertyConfigChangedTests" time="0.004"/>
  <testcase name="should handle membership changes" classname="com.strataresolve.audit.service.AuditEventListenerTest$OnPropertyConfigChangedTests" time="0.006"/>
  <system-out><![CDATA[]]></system-out>
  <system-err><![CDATA[]]></system-err>
</testsuite>
