<?xml version="1.0" encoding="UTF-8"?>
<testsuite name="Compliance Percentage Calculations" tests="3" skipped="0" failures="0" errors="0" timestamp="2026-07-01T14:14:35" hostname="LingkeshVerse.local" time="0.009">
  <properties/>
  <testcase name="should return 100% compliance when there are no tickets" classname="com.strataresolve.reporting.service.SlaReportServiceTest$ComplianceTests" time="0.002"/>
  <testcase name="should return 100% compliance when all tickets are on track" classname="com.strataresolve.reporting.service.SlaReportServiceTest$ComplianceTests" time="0.003"/>
  <testcase name="should compute correct percentage when some tickets are breached" classname="com.strataresolve.reporting.service.SlaReportServiceTest$ComplianceTests" time="0.002"/>
  <system-out><![CDATA[]]></system-out>
  <system-err><![CDATA[]]></system-err>
</testsuite>
