<?xml version="1.0" encoding="UTF-8"?>
<testsuite name="com.strataresolve.shared.filestorage.FileMetadataTest" tests="8" skipped="0" failures="0" errors="0" timestamp="2026-07-01T14:14:35" hostname="LingkeshVerse.local" time="0.012">
  <properties/>
  <testcase name="constructor_withNullContentType_throwsNullPointerException()" classname="com.strataresolve.shared.filestorage.FileMetadataTest" time="0.001"/>
  <testcase name="constructor_withValidArgs_createsInstance()" classname="com.strataresolve.shared.filestorage.FileMetadataTest" time="0.001"/>
  <testcase name="equals_withSameValues_returnsTrue()" classname="com.strataresolve.shared.filestorage.FileMetadataTest" time="0.001"/>
  <testcase name="constructor_withNullFilename_throwsNullPointerException()" classname="com.strataresolve.shared.filestorage.FileMetadataTest" time="0.0"/>
  <testcase name="constructor_withNegativeFileSize_throwsIllegalArgumentException()" classname="com.strataresolve.shared.filestorage.FileMetadataTest" time="0.001"/>
  <testcase name="constructor_withNullUploadedBy_throwsNullPointerException()" classname="com.strataresolve.shared.filestorage.FileMetadataTest" time="0.001"/>
  <testcase name="constructor_withNullUploadedAt_throwsNullPointerException()" classname="com.strataresolve.shared.filestorage.FileMetadataTest" time="0.001"/>
  <testcase name="equals_withDifferentValues_returnsFalse()" classname="com.strataresolve.shared.filestorage.FileMetadataTest" time="0.0"/>
  <system-out><![CDATA[]]></system-out>
  <system-err><![CDATA[]]></system-err>
</testsuite>
