<?xml version="1.0" encoding="UTF-8"?>
<testsuite name="com.strataresolve.vendor.service.VendorServiceTest" tests="18" skipped="0" failures="0" errors="0" timestamp="2026-07-01T14:14:38" hostname="LingkeshVerse.local" time="0.035">
  <properties/>
  <testcase name="findByPropertyId_returnsAllVendors()" classname="com.strataresolve.vendor.service.VendorServiceTest" time="0.002"/>
  <testcase name="update_withValidRequest_updatesVendor()" classname="com.strataresolve.vendor.service.VendorServiceTest" time="0.002"/>
  <testcase name="update_withNonExistentVendor_throwsException()" classname="com.strataresolve.vendor.service.VendorServiceTest" time="0.002"/>
  <testcase name="findById_withNonExistentVendor_throwsException()" classname="com.strataresolve.vendor.service.VendorServiceTest" time="0.002"/>
  <testcase name="deactivate_withActiveVendor_deactivates()" classname="com.strataresolve.vendor.service.VendorServiceTest" time="0.003"/>
  <testcase name="delete_withExistingVendor_deletesAndPublishesEvent()" classname="com.strataresolve.vendor.service.VendorServiceTest" time="0.002"/>
  <testcase name="deactivate_withAlreadyInactiveVendor_throwsException()" classname="com.strataresolve.vendor.service.VendorServiceTest" time="0.002"/>
  <testcase name="activate_withInactiveVendor_activates()" classname="com.strataresolve.vendor.service.VendorServiceTest" time="0.001"/>
  <testcase name="register_publishesDomainEvent()" classname="com.strataresolve.vendor.service.VendorServiceTest" time="0.001"/>
  <testcase name="register_withNonExistentProperty_throwsException()" classname="com.strataresolve.vendor.service.VendorServiceTest" time="0.001"/>
  <testcase name="activate_withAlreadyActiveVendor_throwsException()" classname="com.strataresolve.vendor.service.VendorServiceTest" time="0.002"/>
  <testcase name="findActiveByPropertyId_returnsOnlyActiveVendors()" classname="com.strataresolve.vendor.service.VendorServiceTest" time="0.002"/>
  <testcase name="register_withValidRequest_createsVendor()" classname="com.strataresolve.vendor.service.VendorServiceTest" time="0.001"/>
  <testcase name="delete_withNonExistentVendor_throwsException()" classname="com.strataresolve.vendor.service.VendorServiceTest" time="0.001"/>
  <testcase name="update_withDuplicateName_throwsException()" classname="com.strataresolve.vendor.service.VendorServiceTest" time="0.002"/>
  <testcase name="findById_withExistingVendor_returnsVendor()" classname="com.strataresolve.vendor.service.VendorServiceTest" time="0.001"/>
  <testcase name="register_withDuplicateName_throwsException()" classname="com.strataresolve.vendor.service.VendorServiceTest" time="0.001"/>
  <testcase name="update_withSameName_doesNotCheckDuplicate()" classname="com.strataresolve.vendor.service.VendorServiceTest" time="0.001"/>
  <system-out><![CDATA[]]></system-out>
  <system-err><![CDATA[]]></system-err>
</testsuite>
