<?xml version="1.0" encoding="UTF-8"?>
<testsuite name="com.strataresolve.ticket.service.ReferenceNumberGeneratorTest" tests="6" skipped="0" failures="0" errors="0" timestamp="2026-07-01T14:14:37" hostname="LingkeshVerse.local" time="0.069">
  <properties/>
  <testcase name="generateReferenceNumber_withNoExistingSequence_createsNewAndReturnsFirst()" classname="com.strataresolve.ticket.service.ReferenceNumberGeneratorTest" time="0.059"/>
  <testcase name="generateReferenceNumber_format_matchesSrYyyyNnnnnn()" classname="com.strataresolve.ticket.service.ReferenceNumberGeneratorTest" time="0.003"/>
  <testcase name="generateReferenceNumber_consecutiveCalls_producesSequentialNumbers()" classname="com.strataresolve.ticket.service.ReferenceNumberGeneratorTest" time="0.002"/>
  <testcase name="generateReferenceNumber_withExistingSequence_returnsNextNumber()" classname="com.strataresolve.ticket.service.ReferenceNumberGeneratorTest" time="0.001"/>
  <testcase name="generateReferenceNumber_largeNumber_formatsCorrectly()" classname="com.strataresolve.ticket.service.ReferenceNumberGeneratorTest" time="0.001"/>
  <testcase name="generateReferenceNumber_zeroPads_sequentialNumber()" classname="com.strataresolve.ticket.service.ReferenceNumberGeneratorTest" time="0.001"/>
  <system-out><![CDATA[]]></system-out>
  <system-err><![CDATA[]]></system-err>
</testsuite>
