<?xml version="1.0" encoding="UTF-8"?>
<testsuite name="AuditQueryService" tests="7" skipped="0" failures="0" errors="0" timestamp="2026-07-01T14:14:34" hostname="LingkeshVerse.local" time="0.362">
  <properties/>
  <testcase name="should return empty list when no events match" classname="com.strataresolve.audit.service.AuditQueryServiceTest" time="0.339"/>
  <testcase name="should return all audit events for a property" classname="com.strataresolve.audit.service.AuditQueryServiceTest" time="0.002"/>
  <testcase name="should return audit events filtered by acting user" classname="com.strataresolve.audit.service.AuditQueryServiceTest" time="0.003"/>
  <testcase name="should return audit events filtered by date range" classname="com.strataresolve.audit.service.AuditQueryServiceTest" time="0.004"/>
  <testcase name="should return audit events filtered by event type" classname="com.strataresolve.audit.service.AuditQueryServiceTest" time="0.003"/>
  <testcase name="should return audit events filtered by target entity" classname="com.strataresolve.audit.service.AuditQueryServiceTest" time="0.003"/>
  <testcase name="should return empty list when date range has no events" classname="com.strataresolve.audit.service.AuditQueryServiceTest" time="0.003"/>
  <system-out><![CDATA[]]></system-out>
  <system-err><![CDATA[]]></system-err>
</testsuite>
