<?xml version="1.0" encoding="UTF-8"?>
<testsuite name="com.strataresolve.reporting.service.CsvExportServiceTest" tests="13" skipped="0" failures="0" errors="0" timestamp="2026-07-01T14:14:35" hostname="LingkeshVerse.local" time="0.024">
  <properties/>
  <testcase name="escapeCsv_shouldWrapInQuotesWhenContainsNewline()" classname="com.strataresolve.reporting.service.CsvExportServiceTest" time="0.0"/>
  <testcase name="exportSlaReport_shouldContainSummarySection()" classname="com.strataresolve.reporting.service.CsvExportServiceTest" time="0.002"/>
  <testcase name="exportAgeingReport_shouldContainAllBrackets()" classname="com.strataresolve.reporting.service.CsvExportServiceTest" time="0.002"/>
  <testcase name="escapeCsv_shouldWrapInQuotesAndDoubleQuotesWhenContainsQuotes()" classname="com.strataresolve.reporting.service.CsvExportServiceTest" time="0.001"/>
  <testcase name="exportSlaReport_shouldContainCategoryBreakdownSection()" classname="com.strataresolve.reporting.service.CsvExportServiceTest" time="0.004"/>
  <testcase name="escapeCsv_shouldReturnValueUnchangedWhenNoSpecialChars()" classname="com.strataresolve.reporting.service.CsvExportServiceTest" time="0.001"/>
  <testcase name="exportAgeingReport_shouldIncludeTicketIds()" classname="com.strataresolve.reporting.service.CsvExportServiceTest" time="0.001"/>
  <testcase name="exportAgeingReport_shouldContainHeaderRow()" classname="com.strataresolve.reporting.service.CsvExportServiceTest" time="0.0"/>
  <testcase name="exportVendorPerformanceReport_shouldContainVendorData()" classname="com.strataresolve.reporting.service.CsvExportServiceTest" time="0.001"/>
  <testcase name="escapeCsv_shouldReturnEmptyStringForNull()" classname="com.strataresolve.reporting.service.CsvExportServiceTest" time="0.001"/>
  <testcase name="escapeCsv_shouldWrapInQuotesWhenContainsComma()" classname="com.strataresolve.reporting.service.CsvExportServiceTest" time="0.001"/>
  <testcase name="exportVendorPerformanceReport_shouldEscapeVendorNameWithComma()" classname="com.strataresolve.reporting.service.CsvExportServiceTest" time="0.002"/>
  <testcase name="exportVendorPerformanceReport_shouldContainHeader()" classname="com.strataresolve.reporting.service.CsvExportServiceTest" time="0.001"/>
  <system-out><![CDATA[]]></system-out>
  <system-err><![CDATA[]]></system-err>
</testsuite>
