<?xml version="1.0" encoding="UTF-8"?>
<testsuite name="Retrieving Comments" tests="3" skipped="0" failures="0" errors="0" timestamp="2026-07-01T14:14:37" hostname="LingkeshVerse.local" time="0.008">
  <properties/>
  <testcase name="should return all comments including internal for Property Manager" classname="com.strataresolve.ticket.service.CommentServiceTest$GetCommentsTests" time="0.003"/>
  <testcase name="should reject when ticket does not exist" classname="com.strataresolve.ticket.service.CommentServiceTest$GetCommentsTests" time="0.001"/>
  <testcase name="should filter internal notes when resident views comments" classname="com.strataresolve.ticket.service.CommentServiceTest$GetCommentsTests" time="0.002"/>
  <system-out><![CDATA[]]></system-out>
  <system-err><![CDATA[]]></system-err>
</testsuite>
