<?xml version="1.0" encoding="UTF-8"?>
<testsuite name="linkDuplicate" tests="5" skipped="0" failures="0" errors="0" timestamp="2026-07-01T14:14:37" hostname="LingkeshVerse.local" time="0.015">
  <properties/>
  <testcase name="successfully links a duplicate ticket to a primary ticket" classname="com.strataresolve.ticket.service.DuplicateDetectionServiceTest$LinkDuplicate" time="0.005"/>
  <testcase name="rejects when primary ticket not found" classname="com.strataresolve.ticket.service.DuplicateDetectionServiceTest$LinkDuplicate" time="0.002"/>
  <testcase name="rejects duplicate link that already exists" classname="com.strataresolve.ticket.service.DuplicateDetectionServiceTest$LinkDuplicate" time="0.002"/>
  <testcase name="rejects self-linking" classname="com.strataresolve.ticket.service.DuplicateDetectionServiceTest$LinkDuplicate" time="0.002"/>
  <testcase name="rejects when tickets belong to different properties" classname="com.strataresolve.ticket.service.DuplicateDetectionServiceTest$LinkDuplicate" time="0.003"/>
  <system-out><![CDATA[22:14:37.607 [Test worker] INFO com.strataresolve.ticket.service.DuplicateDetectionService -- Ticket 4efb4c00-cd9a-46f7-9d91-cfcec3695e51 linked as duplicate of primary ticket 35b14cd7-c32e-40f2-80d7-9de0ea816cc7 by user ee39606c-0198-4f33-b8cd-e2afddc03cf9
]]></system-out>
  <system-err><![CDATA[]]></system-err>
</testsuite>
