<?xml version="1.0" encoding="UTF-8"?>
<testsuite name="com.strataresolve.ticket.service.AttachmentServiceTest" tests="11" skipped="0" failures="0" errors="0" timestamp="2026-07-01T14:14:37" hostname="LingkeshVerse.local" time="0.101">
  <properties/>
  <testcase name="uploadAttachment_withValidPng_storesSuccessfully()" classname="com.strataresolve.ticket.service.AttachmentServiceTest" time="0.062"/>
  <testcase name="downloadAttachment_withNonExistentAttachment_throwsResourceNotFoundException()" classname="com.strataresolve.ticket.service.AttachmentServiceTest" time="0.002"/>
  <testcase name="findByTicketId_returnsAttachments()" classname="com.strataresolve.ticket.service.AttachmentServiceTest" time="0.003"/>
  <testcase name="uploadAttachment_withValidJpeg_storesSuccessfully()" classname="com.strataresolve.ticket.service.AttachmentServiceTest" time="0.003"/>
  <testcase name="downloadAttachment_returnsFileContent()" classname="com.strataresolve.ticket.service.AttachmentServiceTest" time="0.006"/>
  <testcase name="findByTicketId_withNonExistentTicket_throwsResourceNotFoundException()" classname="com.strataresolve.ticket.service.AttachmentServiceTest" time="0.004"/>
  <testcase name="uploadAttachment_withUnsupportedFileType_throwsException()" classname="com.strataresolve.ticket.service.AttachmentServiceTest" time="0.004"/>
  <testcase name="uploadAttachment_withNonExistentTicket_throwsResourceNotFoundException()" classname="com.strataresolve.ticket.service.AttachmentServiceTest" time="0.003"/>
  <testcase name="uploadAttachment_storesCorrectMetadata()" classname="com.strataresolve.ticket.service.AttachmentServiceTest" time="0.003"/>
  <testcase name="uploadAttachment_withValidPdf_storesSuccessfully()" classname="com.strataresolve.ticket.service.AttachmentServiceTest" time="0.002"/>
  <testcase name="uploadAttachment_withOversizedFile_throwsException()" classname="com.strataresolve.ticket.service.AttachmentServiceTest" time="0.003"/>
  <system-out><![CDATA[22:14:37.461 [Test worker] INFO com.strataresolve.ticket.service.AttachmentService -- Attachment uploaded: 9f1b1d8d-3f32-43b1-aae1-c1df60c65b0d (file: screenshot.png) to ticket 11f5a309-ff56-4b75-b068-59cffc66a387 by user e0e136b0-2235-429f-8d6c-6b9cd7f24051
22:14:37.471 [Test worker] INFO com.strataresolve.ticket.service.AttachmentService -- Attachment uploaded: e0ca8926-c61c-4328-8a07-9a0e6684074b (file: photo.jpg) to ticket 5a7b0879-d610-47f1-b49f-a7e587af65d2 by user 75d5521c-571f-4e75-97b2-b9cf6550a762
22:14:37.494 [Test worker] INFO com.strataresolve.ticket.service.AttachmentService -- Attachment uploaded: 6310cca7-2991-4b5e-ab4b-3f562d8556be (file: evidence.jpg) to ticket b090b00f-e07b-4498-adec-c326bdff0fe6 by user b08387f2-d963-4caa-a3e4-35d558a556cd
22:14:37.496 [Test worker] INFO com.strataresolve.ticket.service.AttachmentService -- Attachment uploaded: 1a9ce23c-89e4-4aa5-9c82-fafc3c1d9242 (file: report.pdf) to ticket dcb5cd94-fa92-42be-8baa-95d25039979c by user 3b45cef5-39e4-45d2-944d-f818721939c5
]]></system-out>
  <system-err><![CDATA[]]></system-err>
</testsuite>
