<?xml version="1.0" encoding="UTF-8"?>
<testsuite name="NotificationProcessorScheduler" tests="6" skipped="0" failures="0" errors="0" timestamp="2026-07-01T14:14:34" hostname="LingkeshVerse.local" time="0.183">
  <properties/>
  <testcase name="processOutbox should mark notification as FAILED when max attempts reached" classname="com.strataresolve.notification.service.NotificationProcessorSchedulerTest" time="0.154"/>
  <testcase name="processOutbox should mark notification as FAILED when recipient user not found" classname="com.strataresolve.notification.service.NotificationProcessorSchedulerTest" time="0.004"/>
  <testcase name="processOutbox should process multiple notifications independently" classname="com.strataresolve.notification.service.NotificationProcessorSchedulerTest" time="0.008"/>
  <testcase name="processOutbox should send email and mark notification as SENT on success" classname="com.strataresolve.notification.service.NotificationProcessorSchedulerTest" time="0.004"/>
  <testcase name="processOutbox should increment attempt and schedule retry on email failure" classname="com.strataresolve.notification.service.NotificationProcessorSchedulerTest" time="0.006"/>
  <testcase name="processOutbox should do nothing when no pending notifications exist" classname="com.strataresolve.notification.service.NotificationProcessorSchedulerTest" time="0.003"/>
  <system-out><![CDATA[22:14:34.925 [Test worker] INFO com.strataresolve.notification.service.NotificationProcessorScheduler -- Processing 1 pending notification(s)
22:14:34.927 [Test worker] WARN com.strataresolve.notification.service.NotificationProcessorScheduler -- Failed to deliver notification cef272a9-a2b0-4838-bce1-39945fb96127 to fail@example.com (attempt 5): SMTP error
22:14:34.931 [Test worker] INFO com.strataresolve.notification.service.NotificationProcessorScheduler -- Processing 1 pending notification(s)
22:14:34.931 [Test worker] WARN com.strataresolve.notification.service.NotificationProcessorScheduler -- Recipient user 9fbabdc1-50ae-48c5-b82d-475a911a0382 not found for notification 98cbde1d-5a31-4280-8417-ab31cdc855e5. Marking as failed.
22:14:34.938 [Test worker] INFO com.strataresolve.notification.service.NotificationProcessorScheduler -- Processing 2 pending notification(s)
22:14:34.939 [Test worker] WARN com.strataresolve.notification.service.NotificationProcessorScheduler -- Failed to deliver notification 6db0b4fd-c3a1-44cf-b538-b9765737f11a to user2@example.com (attempt 1): SMTP error
22:14:34.945 [Test worker] INFO com.strataresolve.notification.service.NotificationProcessorScheduler -- Processing 1 pending notification(s)
22:14:34.949 [Test worker] INFO com.strataresolve.notification.service.NotificationProcessorScheduler -- Processing 1 pending notification(s)
22:14:34.951 [Test worker] WARN com.strataresolve.notification.service.NotificationProcessorScheduler -- Failed to deliver notification 6ca38ba4-940b-4043-bd34-3f3c5c4c0bb0 to fail@example.com (attempt 1): SMTP error
]]></system-out>
  <system-err><![CDATA[]]></system-err>
</testsuite>
