<?xml version="1.0" encoding="UTF-8"?>
<testsuite name="Age Calculation" tests="4" skipped="0" failures="0" errors="0" timestamp="2026-07-01T14:14:35" hostname="LingkeshVerse.local" time="0.013">
  <properties/>
  <testcase name="should calculate age as 0 for less than 24 hours" classname="com.strataresolve.reporting.service.AgeingReportServiceTest$AgeCalculationTests" time="0.003"/>
  <testcase name="should calculate age as 3 for exactly 3 days" classname="com.strataresolve.reporting.service.AgeingReportServiceTest$AgeCalculationTests" time="0.003"/>
  <testcase name="should calculate age as 1 for exactly 24 hours" classname="com.strataresolve.reporting.service.AgeingReportServiceTest$AgeCalculationTests" time="0.002"/>
  <testcase name="should calculate age as 0 for same-instant creation" classname="com.strataresolve.reporting.service.AgeingReportServiceTest$AgeCalculationTests" time="0.003"/>
  <system-out><![CDATA[]]></system-out>
  <system-err><![CDATA[]]></system-err>
</testsuite>
