<?xml version="1.0" encoding="UTF-8"?>
<testsuite name="AuditEvent Entity" tests="5" skipped="0" failures="0" errors="0" timestamp="2026-07-01T14:14:33" hostname="LingkeshVerse.local" time="0.014">
  <properties/>
  <testcase name="should allow null new value for deletion events" classname="com.strataresolve.audit.domain.AuditEventTest" time="0.001"/>
  <testcase name="should allow null previous value for creation events" classname="com.strataresolve.audit.domain.AuditEventTest" time="0.002"/>
  <testcase name="should set createdAt on prePersist callback" classname="com.strataresolve.audit.domain.AuditEventTest" time="0.002"/>
  <testcase name="should have null id before persistence" classname="com.strataresolve.audit.domain.AuditEventTest" time="0.001"/>
  <testcase name="should create audit event with all fields populated" classname="com.strataresolve.audit.domain.AuditEventTest" time="0.002"/>
  <system-out><![CDATA[]]></system-out>
  <system-err><![CDATA[]]></system-err>
</testsuite>
