<?xml version="1.0" encoding="UTF-8"?>
<testsuite name="Reason Validation" tests="4" skipped="0" failures="0" errors="0" timestamp="2026-07-01T14:14:38" hostname="LingkeshVerse.local" time="0.014">
  <properties/>
  <testcase name="should require reason for REJECTED transition" classname="com.strataresolve.ticket.service.TicketServiceTransitionTest$ReasonValidation" time="0.005"/>
  <testcase name="should require reason for REOPENED transition" classname="com.strataresolve.ticket.service.TicketServiceTransitionTest$ReasonValidation" time="0.002"/>
  <testcase name="should require reason for CANCELLED transition" classname="com.strataresolve.ticket.service.TicketServiceTransitionTest$ReasonValidation" time="0.003"/>
  <testcase name="should allow transition without reason when not required" classname="com.strataresolve.ticket.service.TicketServiceTransitionTest$ReasonValidation" time="0.003"/>
  <system-out><![CDATA[22:14:38.078 [Test worker] INFO com.strataresolve.ticket.service.TicketService -- Ticket 354eea85-54d7-4ef7-9232-a89519b4d115 transitioned from SUBMITTED to ACKNOWLEDGED by user e83511e0-8c34-4d7c-a5db-6a65bb1613d9
]]></system-out>
  <system-err><![CDATA[]]></system-err>
</testsuite>
