<?xml version="1.0" encoding="UTF-8"?>
<testsuite name="AssignmentService - Assignment Logic" tests="9" skipped="0" failures="0" errors="0" timestamp="2026-07-01T14:14:37" hostname="LingkeshVerse.local" time="0.093">
  <properties/>
  <testcase name="should reject TECHNICIAN assignment when assignee only has RESIDENT role" classname="com.strataresolve.ticket.service.AssignmentServiceTest" time="0.057"/>
  <testcase name="should successfully assign ticket to vendor user with VENDOR_TECHNICIAN membership" classname="com.strataresolve.ticket.service.AssignmentServiceTest" time="0.005"/>
  <testcase name="should reject VENDOR assignment when assignee has TECHNICIAN role" classname="com.strataresolve.ticket.service.AssignmentServiceTest" time="0.006"/>
  <testcase name="should reject assignment when ticket does not exist" classname="com.strataresolve.ticket.service.AssignmentServiceTest" time="0.004"/>
  <testcase name="should successfully assign ticket to vendor user with active VENDOR_ADMIN membership" classname="com.strataresolve.ticket.service.AssignmentServiceTest" time="0.004"/>
  <testcase name="should publish AssignmentCreatedEvent on successful assignment" classname="com.strataresolve.ticket.service.AssignmentServiceTest" time="0.005"/>
  <testcase name="should successfully assign ticket to technician with active TECHNICIAN membership" classname="com.strataresolve.ticket.service.AssignmentServiceTest" time="0.003"/>
  <testcase name="should reject TECHNICIAN assignment when assignee has VENDOR role" classname="com.strataresolve.ticket.service.AssignmentServiceTest" time="0.003"/>
  <testcase name="should reject assignment when assignee has no active membership for the property" classname="com.strataresolve.ticket.service.AssignmentServiceTest" time="0.003"/>
  <system-out><![CDATA[22:14:37.365 [Test worker] INFO com.strataresolve.ticket.service.AssignmentService -- Assignment created: ticket=bf95d8bb-f4eb-463d-9393-53d9bac9e7a1, assignedTo=cf263b9a-95a6-4aa5-86ec-4332f1cf40a0, type=VENDOR, by=4ad9a5fe-29cc-4f09-aa80-752c92a1d23d
22:14:37.380 [Test worker] INFO com.strataresolve.ticket.service.AssignmentService -- Assignment created: ticket=b2160a75-ad86-4b13-82b7-03253768cab8, assignedTo=473587b6-6e69-4dda-8054-00421ae4a4ab, type=VENDOR, by=7537826c-2eff-44cc-9cec-22d99c044184
22:14:37.384 [Test worker] INFO com.strataresolve.ticket.service.AssignmentService -- Assignment created: ticket=e3ac0d1c-fa24-4a66-bf4f-03aaf87bc62c, assignedTo=73c69499-6bac-40d3-9730-b9fc45c7756f, type=TECHNICIAN, by=3e868f84-1c12-4ccc-8aef-bcef5d1c9624
22:14:37.389 [Test worker] INFO com.strataresolve.ticket.service.AssignmentService -- Assignment created: ticket=46a3141e-2b80-47b4-8dfb-ddc459163b5b, assignedTo=765ee958-1d90-4b19-95d5-eaac0778cc0c, type=TECHNICIAN, by=c56476d9-6165-4227-844b-205d26fb9351
]]></system-out>
  <system-err><![CDATA[]]></system-err>
</testsuite>
