<?xml version="1.0" encoding="UTF-8"?>
<testsuite name="NotificationOutboxService" tests="2" skipped="0" failures="0" errors="0" timestamp="2026-07-01T14:14:34" hostname="LingkeshVerse.local" time="0.098">
  <properties/>
  <testcase name="should create notification with null ticket ID" classname="com.strataresolve.notification.service.NotificationOutboxServiceTest" time="0.094"/>
  <testcase name="should create notification with correct fields" classname="com.strataresolve.notification.service.NotificationOutboxServiceTest" time="0.003"/>
  <system-out><![CDATA[]]></system-out>
  <system-err><![CDATA[]]></system-err>
</testsuite>
