<?xml version="1.0" encoding="UTF-8"?>
<testsuite name="Invalid Transitions" tests="2" skipped="0" failures="0" errors="0" timestamp="2026-07-01T14:14:38" hostname="LingkeshVerse.local" time="0.009">
  <properties/>
  <testcase name="should reject transition when ticket is not found" classname="com.strataresolve.ticket.service.TicketServiceTransitionTest$InvalidTransitions" time="0.004"/>
  <testcase name="should reject transition when workflow engine denies it" classname="com.strataresolve.ticket.service.TicketServiceTransitionTest$InvalidTransitions" time="0.004"/>
  <system-out><![CDATA[]]></system-out>
  <system-err><![CDATA[]]></system-err>
</testsuite>
