<?xml version="1.0" encoding="UTF-8"?>
<testsuite name="Acknowledgement Compliance Logic" tests="5" skipped="0" failures="0" errors="0" timestamp="2026-07-01T14:14:35" hostname="LingkeshVerse.local" time="0.013">
  <properties/>
  <testcase name="should be compliant when not acknowledged but still on track" classname="com.strataresolve.reporting.service.SlaReportServiceTest$AcknowledgementComplianceTests" time="0.002"/>
  <testcase name="should be compliant when acknowledged before deadline" classname="com.strataresolve.reporting.service.SlaReportServiceTest$AcknowledgementComplianceTests" time="0.001"/>
  <testcase name="should be compliant when acknowledged exactly at deadline" classname="com.strataresolve.reporting.service.SlaReportServiceTest$AcknowledgementComplianceTests" time="0.002"/>
  <testcase name="should be breached when not acknowledged and sla status shows breach" classname="com.strataresolve.reporting.service.SlaReportServiceTest$AcknowledgementComplianceTests" time="0.003"/>
  <testcase name="should be breached when acknowledged after deadline" classname="com.strataresolve.reporting.service.SlaReportServiceTest$AcknowledgementComplianceTests" time="0.002"/>
  <system-out><![CDATA[]]></system-out>
  <system-err><![CDATA[]]></system-err>
</testsuite>
