<?xml version="1.0" encoding="UTF-8"?>
<testsuite name="Report Generation" tests="6" skipped="0" failures="0" errors="0" timestamp="2026-07-01T14:14:35" hostname="LingkeshVerse.local" time="0.186">
  <properties/>
  <testcase name="should handle multiple vendors independently" classname="com.strataresolve.reporting.service.VendorPerformanceServiceTest$ReportGenerationTests" time="0.162"/>
  <testcase name="should compute average resolution time from completed work orders" classname="com.strataresolve.reporting.service.VendorPerformanceServiceTest$ReportGenerationTests" time="0.004"/>
  <testcase name="should return vendor with zero work orders" classname="com.strataresolve.reporting.service.VendorPerformanceServiceTest$ReportGenerationTests" time="0.003"/>
  <testcase name="should compute SLA compliance rate per vendor" classname="com.strataresolve.reporting.service.VendorPerformanceServiceTest$ReportGenerationTests" time="0.005"/>
  <testcase name="should not count in-progress work orders in resolution time average" classname="com.strataresolve.reporting.service.VendorPerformanceServiceTest$ReportGenerationTests" time="0.004"/>
  <testcase name="should return empty metrics when no vendors exist" classname="com.strataresolve.reporting.service.VendorPerformanceServiceTest$ReportGenerationTests" time="0.003"/>
  <system-out><![CDATA[]]></system-out>
  <system-err><![CDATA[]]></system-err>
</testsuite>
