<?xml version="1.0" encoding="UTF-8"?>
<testsuite name="com.strataresolve.vendor.service.VendorDataScopeServiceTest" tests="14" skipped="0" failures="0" errors="0" timestamp="2026-07-01T14:14:38" hostname="LingkeshVerse.local" time="0.031">
  <properties/>
  <testcase name="resolveVendorIdForUser_withVendorRoleButNoVendorId_throwsAccessDenied()" classname="com.strataresolve.vendor.service.VendorDataScopeServiceTest" time="0.003"/>
  <testcase name="getWorkOrderForVendorUser_withNonExistentWorkOrder_throwsNotFound()" classname="com.strataresolve.vendor.service.VendorDataScopeServiceTest" time="0.002"/>
  <testcase name="getTicketSummaryForVendorUser_withAssignedTicket_returnsMinimalInfo()" classname="com.strataresolve.vendor.service.VendorDataScopeServiceTest" time="0.003"/>
  <testcase name="getTicketSummaryForVendorUser_withOtherVendorsTicket_throwsAccessDenied()" classname="com.strataresolve.vendor.service.VendorDataScopeServiceTest" time="0.001"/>
  <testcase name="getWorkOrderForVendorUser_withOwnWorkOrder_returnsResponse()" classname="com.strataresolve.vendor.service.VendorDataScopeServiceTest" time="0.002"/>
  <testcase name="resolveVendorIdForUser_withNoMemberships_throwsAccessDenied()" classname="com.strataresolve.vendor.service.VendorDataScopeServiceTest" time="0.002"/>
  <testcase name="getWorkOrdersForVendorUser_withNoWorkOrders_returnsEmptyList()" classname="com.strataresolve.vendor.service.VendorDataScopeServiceTest" time="0.002"/>
  <testcase name="getWorkOrdersForVendorUser_returnsOnlyAssignedWorkOrders()" classname="com.strataresolve.vendor.service.VendorDataScopeServiceTest" time="0.002"/>
  <testcase name="getTicketSummaryForVendorUser_withUnassignedTicket_throwsAccessDenied()" classname="com.strataresolve.vendor.service.VendorDataScopeServiceTest" time="0.002"/>
  <testcase name="resolveVendorIdForUser_withNonVendorRole_throwsAccessDenied()" classname="com.strataresolve.vendor.service.VendorDataScopeServiceTest" time="0.002"/>
  <testcase name="resolveVendorIdForUser_withVendorTechnician_returnsVendorId()" classname="com.strataresolve.vendor.service.VendorDataScopeServiceTest" time="0.002"/>
  <testcase name="resolveVendorIdForUser_withVendorAdmin_returnsVendorId()" classname="com.strataresolve.vendor.service.VendorDataScopeServiceTest" time="0.001"/>
  <testcase name="getWorkOrdersForVendorUser_withNonVendorUser_throwsAccessDenied()" classname="com.strataresolve.vendor.service.VendorDataScopeServiceTest" time="0.001"/>
  <testcase name="getWorkOrderForVendorUser_withOtherVendorsWorkOrder_throwsAccessDenied()" classname="com.strataresolve.vendor.service.VendorDataScopeServiceTest" time="0.003"/>
  <system-out><![CDATA[]]></system-out>
  <system-err><![CDATA[]]></system-err>
</testsuite>
