<?xml version="1.0" encoding="UTF-8"?>
<testsuite name="com.strataresolve.vendor.service.WorkOrderServiceTest$CreateTests" tests="4" skipped="0" failures="0" errors="0" timestamp="2026-07-01T14:14:38" hostname="LingkeshVerse.local" time="0.009">
  <properties/>
  <testcase name="create_withExistingWorkOrderForTicket_throwsException()" classname="com.strataresolve.vendor.service.WorkOrderServiceTest$CreateTests" time="0.001"/>
  <testcase name="create_withNonExistentVendor_throwsException()" classname="com.strataresolve.vendor.service.WorkOrderServiceTest$CreateTests" time="0.002"/>
  <testcase name="create_withInactiveVendor_throwsException()" classname="com.strataresolve.vendor.service.WorkOrderServiceTest$CreateTests" time="0.003"/>
  <testcase name="create_withValidRequest_createsWorkOrder()" classname="com.strataresolve.vendor.service.WorkOrderServiceTest$CreateTests" time="0.003"/>
  <system-out><![CDATA[]]></system-out>
  <system-err><![CDATA[]]></system-err>
</testsuite>
