<?xml version="1.0" encoding="UTF-8"?>
<testsuite name="Acknowledge Transition" tests="1" skipped="0" failures="0" errors="0" timestamp="2026-07-01T14:14:38" hostname="LingkeshVerse.local" time="0.002">
  <properties/>
  <testcase name="should transition to ACKNOWLEDGED and record acknowledged_at timestamp" classname="com.strataresolve.ticket.service.TicketServiceTransitionTest$AcknowledgeTransition" time="0.002"/>
  <system-out><![CDATA[22:14:38.105 [Test worker] INFO com.strataresolve.ticket.service.TicketService -- Ticket ee08e8e5-db92-445a-b0d7-f1b6ae4008bc transitioned from SUBMITTED to ACKNOWLEDGED by user 6dd55da3-e862-4829-9dd2-53a324c743ba
]]></system-out>
  <system-err><![CDATA[]]></system-err>
</testsuite>
