<?xml version="1.0" encoding="UTF-8"?>
<testsuite name="determineSlaStatus" tests="8" skipped="0" failures="0" errors="0" timestamp="2026-07-01T14:14:36" hostname="LingkeshVerse.local" time="0.018">
  <properties/>
  <testcase name="should return RESOLUTION_BREACHED when resolution overdue and ack due is null" classname="com.strataresolve.sla.service.SlaMonitorSchedulerTest$DetermineSlaStatusTests" time="0.001"/>
  <testcase name="should return ON_TRACK when resolution is overdue but already resolved" classname="com.strataresolve.sla.service.SlaMonitorSchedulerTest$DetermineSlaStatusTests" time="0.001"/>
  <testcase name="should return BOTH_BREACHED when both ack and resolution are overdue" classname="com.strataresolve.sla.service.SlaMonitorSchedulerTest$DetermineSlaStatusTests" time="0.003"/>
  <testcase name="should return RESOLUTION_BREACHED when only resolution is overdue" classname="com.strataresolve.sla.service.SlaMonitorSchedulerTest$DetermineSlaStatusTests" time="0.002"/>
  <testcase name="should return ACK_BREACHED when ack is overdue and resolution due is null" classname="com.strataresolve.sla.service.SlaMonitorSchedulerTest$DetermineSlaStatusTests" time="0.002"/>
  <testcase name="should return ON_TRACK when neither is breached" classname="com.strataresolve.sla.service.SlaMonitorSchedulerTest$DetermineSlaStatusTests" time="0.001"/>
  <testcase name="should return ACK_BREACHED when only acknowledgement is overdue" classname="com.strataresolve.sla.service.SlaMonitorSchedulerTest$DetermineSlaStatusTests" time="0.002"/>
  <testcase name="should return ON_TRACK when ack is overdue but already acknowledged" classname="com.strataresolve.sla.service.SlaMonitorSchedulerTest$DetermineSlaStatusTests" time="0.001"/>
  <system-out><![CDATA[]]></system-out>
  <system-err><![CDATA[]]></system-err>
</testsuite>
