<?xml version="1.0" encoding="UTF-8"?>
<testsuite name="com.strataresolve.property.VendorDataScopePropertyTest" tests="5" skipped="0" failures="0" errors="0" timestamp="2026-07-01T14:14:41" hostname="LingkeshVerse.local" time="0.074">
  <properties/>
  <testcase name="vendorCannotAccessOtherVendorsWorkOrder" classname="com.strataresolve.property.VendorDataScopePropertyTest" time="0.012"/>
  <testcase name="nonVendorUsersAreDeniedAccess" classname="com.strataresolve.property.VendorDataScopePropertyTest" time="0.006"/>
  <testcase name="vendorUserOnlySeesOwnVendorWorkOrders" classname="com.strataresolve.property.VendorDataScopePropertyTest" time="0.017"/>
  <testcase name="vendorTicketSummaryOnlyExposesMinimalFields" classname="com.strataresolve.property.VendorDataScopePropertyTest" time="0.03"/>
  <testcase name="vendorCannotAccessTicketWithoutAssignedWorkOrder" classname="com.strataresolve.property.VendorDataScopePropertyTest" time="0.009"/>
  <system-out><![CDATA[timestamp = 2026-07-01T22:14:41.614669, VendorDataScopePropertyTest:vendorCannotAccessOtherVendorsWorkOrder = 
                              |-----------------------jqwik-----------------------
tries = 18                    | # of calls to property
checks = 18                   | # of not rejected calls
generation = EXHAUSTIVE       | parameters are exhaustively generated
after-failure = SAMPLE_FIRST  | try previously failed sample, then previous seed
when-fixed-seed = ALLOW       | fixing the random seed is allowed
edge-cases#mode = MIXIN       | edge cases are mixed in
edge-cases#total = 0          | # of all combined edge cases
edge-cases#tried = 0          | # of edge cases tried in current run
seed = 2309917268816174300    | random seed to reproduce generated values


timestamp = 2026-07-01T22:14:41.620414, VendorDataScopePropertyTest:nonVendorUsersAreDeniedAccess = 
                              |-----------------------jqwik-----------------------
tries = 6                     | # of calls to property
checks = 6                    | # of not rejected calls
generation = EXHAUSTIVE       | parameters are exhaustively generated
after-failure = SAMPLE_FIRST  | try previously failed sample, then previous seed
when-fixed-seed = ALLOW       | fixing the random seed is allowed
edge-cases#mode = MIXIN       | edge cases are mixed in
edge-cases#total = 0          | # of all combined edge cases
edge-cases#tried = 0          | # of edge cases tried in current run
seed = 5481834669520514393    | random seed to reproduce generated values


timestamp = 2026-07-01T22:14:41.637303, VendorDataScopePropertyTest:vendorUserOnlySeesOwnVendorWorkOrders = 
                              |-----------------------jqwik-----------------------
tries = 18                    | # of calls to property
checks = 18                   | # of not rejected calls
generation = EXHAUSTIVE       | parameters are exhaustively generated
after-failure = SAMPLE_FIRST  | try previously failed sample, then previous seed
when-fixed-seed = ALLOW       | fixing the random seed is allowed
edge-cases#mode = MIXIN       | edge cases are mixed in
edge-cases#total = 0          | # of all combined edge cases
edge-cases#tried = 0          | # of edge cases tried in current run
seed = 6265205152307647466    | random seed to reproduce generated values


timestamp = 2026-07-01T22:14:41.667641, VendorDataScopePropertyTest:vendorTicketSummaryOnlyExposesMinimalFields = 
                              |-----------------------jqwik-----------------------
tries = 100                   | # of calls to property
checks = 100                  | # of not rejected calls
generation = RANDOMIZED       | parameters are randomly generated
after-failure = SAMPLE_FIRST  | try previously failed sample, then previous seed
when-fixed-seed = ALLOW       | fixing the random seed is allowed
edge-cases#mode = MIXIN       | edge cases are mixed in
edge-cases#total = 8          | # of all combined edge cases
edge-cases#tried = 3          | # of edge cases tried in current run
seed = 66735016930906388      | random seed to reproduce generated values


timestamp = 2026-07-01T22:14:41.677115, VendorDataScopePropertyTest:vendorCannotAccessTicketWithoutAssignedWorkOrder = 
                              |-----------------------jqwik-----------------------
tries = 18                    | # of calls to property
checks = 18                   | # of not rejected calls
generation = EXHAUSTIVE       | parameters are exhaustively generated
after-failure = SAMPLE_FIRST  | try previously failed sample, then previous seed
when-fixed-seed = ALLOW       | fixing the random seed is allowed
edge-cases#mode = MIXIN       | edge cases are mixed in
edge-cases#total = 0          | # of all combined edge cases
edge-cases#tried = 0          | # of edge cases tried in current run
seed = 298656221343385321     | random seed to reproduce generated values


]]></system-out>
  <system-err><![CDATA[]]></system-err>
</testsuite>
