<?xml version="1.0" encoding="UTF-8"?>
<testsuite name="AuditController" tests="8" skipped="0" failures="0" errors="0" timestamp="2026-07-01T14:14:32" hostname="LingkeshVerse.local" time="1.326">
  <properties/>
  <testcase name="date range filter should take precedence over event type" classname="com.strataresolve.audit.controller.AuditControllerTest" time="1.253"/>
  <testcase name="should return empty list when no events found" classname="com.strataresolve.audit.controller.AuditControllerTest" time="0.017"/>
  <testcase name="should return events filtered by acting user" classname="com.strataresolve.audit.controller.AuditControllerTest" time="0.007"/>
  <testcase name="should return events filtered by date range" classname="com.strataresolve.audit.controller.AuditControllerTest" time="0.01"/>
  <testcase name="should return events filtered by event type" classname="com.strataresolve.audit.controller.AuditControllerTest" time="0.005"/>
  <testcase name="should return all audit events when no filters provided" classname="com.strataresolve.audit.controller.AuditControllerTest" time="0.005"/>
  <testcase name="should return events filtered by target entity" classname="com.strataresolve.audit.controller.AuditControllerTest" time="0.006"/>
  <testcase name="event type filter should take precedence over acting user" classname="com.strataresolve.audit.controller.AuditControllerTest" time="0.003"/>
  <system-out><![CDATA[]]></system-out>
  <system-err><![CDATA[Mockito is currently self-attaching to enable the inline-mock-maker. This will no longer work in future releases of the JDK. Please add Mockito as an agent to your build what is described in Mockito's documentation: https://javadoc.io/doc/org.mockito/mockito-core/latest/org/mockito/Mockito.html#0.3
WARNING: A Java agent has been loaded dynamically (/Users/lingkeshrarajendram/.gradle/caches/modules-2/files-2.1/net.bytebuddy/byte-buddy-agent/1.15.11/a38b16385e867f59a641330f0362ebe742788ed8/byte-buddy-agent-1.15.11.jar)
WARNING: If a serviceability tool is in use, please run with -XX:+EnableDynamicAgentLoading to hide this warning
WARNING: If a serviceability tool is not in use, please run with -Djdk.instrument.traceUsage for more information
WARNING: Dynamic loading of agents will be disallowed by default in a future release
]]></system-err>
</testsuite>
