<?xml version="1.0" encoding="UTF-8"?>
<testsuite name="onTicketCreated" tests="4" skipped="0" failures="0" errors="0" timestamp="2026-07-01T14:14:34" hostname="LingkeshVerse.local" time="0.023">
  <properties/>
  <testcase name="should notify all property managers when ticket is created" classname="com.strataresolve.notification.service.NotificationEventListenerTest$OnTicketCreatedTests" time="0.006"/>
  <testcase name="should filter out non-property-manager roles" classname="com.strataresolve.notification.service.NotificationEventListenerTest$OnTicketCreatedTests" time="0.005"/>
  <testcase name="should not create notifications when no property managers exist" classname="com.strataresolve.notification.service.NotificationEventListenerTest$OnTicketCreatedTests" time="0.004"/>
  <testcase name="should not notify the acting user even if they are a property manager" classname="com.strataresolve.notification.service.NotificationEventListenerTest$OnTicketCreatedTests" time="0.005"/>
  <system-out><![CDATA[22:14:34.648 [Test worker] INFO com.strataresolve.notification.service.NotificationEventListener -- Created 2 notification(s) for TicketCreatedEvent: ticket=d8988f55-a058-426c-ad04-7051828817f2
22:14:34.654 [Test worker] INFO com.strataresolve.notification.service.NotificationEventListener -- Created 1 notification(s) for TicketCreatedEvent: ticket=b5d15ff2-3c65-4585-a31d-c41c7e7eddb9
22:14:34.659 [Test worker] INFO com.strataresolve.notification.service.NotificationEventListener -- Created 0 notification(s) for TicketCreatedEvent: ticket=128888a5-8246-4158-b906-a59d11127bcd
22:14:34.664 [Test worker] INFO com.strataresolve.notification.service.NotificationEventListener -- Created 2 notification(s) for TicketCreatedEvent: ticket=99c3fa26-4b71-406f-978e-38948aaae66d
]]></system-out>
  <system-err><![CDATA[]]></system-err>
</testsuite>
