<?xml version="1.0" encoding="UTF-8"?>
<testsuite name="calculateTitleSimilarity" tests="6" skipped="0" failures="0" errors="0" timestamp="2026-07-01T14:14:37" hostname="LingkeshVerse.local" time="0.013">
  <properties/>
  <testcase name="returns high similarity for minor differences" classname="com.strataresolve.ticket.service.DuplicateDetectionServiceTest$CalculateTitleSimilarity" time="0.002"/>
  <testcase name="returns low similarity for very different strings" classname="com.strataresolve.ticket.service.DuplicateDetectionServiceTest$CalculateTitleSimilarity" time="0.003"/>
  <testcase name="returns 1.0 for identical strings" classname="com.strataresolve.ticket.service.DuplicateDetectionServiceTest$CalculateTitleSimilarity" time="0.001"/>
  <testcase name="returns 0.0 for empty inputs" classname="com.strataresolve.ticket.service.DuplicateDetectionServiceTest$CalculateTitleSimilarity" time="0.002"/>
  <testcase name="returns 1.0 for case-insensitive identical strings" classname="com.strataresolve.ticket.service.DuplicateDetectionServiceTest$CalculateTitleSimilarity" time="0.002"/>
  <testcase name="returns 0.0 for null inputs" classname="com.strataresolve.ticket.service.DuplicateDetectionServiceTest$CalculateTitleSimilarity" time="0.001"/>
  <system-out><![CDATA[]]></system-out>
  <system-err><![CDATA[]]></system-err>
</testsuite>
