<?xml version="1.0" encoding="UTF-8"?>
<testsuite name="com.strataresolve.vendor.service.WorkOrderServiceTest$TransitionTests" tests="1" skipped="0" failures="0" errors="0" timestamp="2026-07-01T14:14:38" hostname="LingkeshVerse.local" time="0.003">
  <properties/>
  <testcase name="transition_toCreated_throwsException()" classname="com.strataresolve.vendor.service.WorkOrderServiceTest$TransitionTests" time="0.003"/>
  <system-out><![CDATA[]]></system-out>
  <system-err><![CDATA[]]></system-err>
</testsuite>
