<?xml version="1.0" encoding="UTF-8"?>
<testsuite name="isLocationMatch" tests="5" skipped="0" failures="0" errors="0" timestamp="2026-07-01T14:14:37" hostname="LingkeshVerse.local" time="0.009">
  <properties/>
  <testcase name="returns false when locations are very different" classname="com.strataresolve.ticket.service.DuplicateDetectionServiceTest$IsLocationMatch" time="0.001"/>
  <testcase name="returns true when one location is null" classname="com.strataresolve.ticket.service.DuplicateDetectionServiceTest$IsLocationMatch" time="0.001"/>
  <testcase name="returns true when locations are identical" classname="com.strataresolve.ticket.service.DuplicateDetectionServiceTest$IsLocationMatch" time="0.001"/>
  <testcase name="returns true when one contains the other" classname="com.strataresolve.ticket.service.DuplicateDetectionServiceTest$IsLocationMatch" time="0.002"/>
  <testcase name="returns true when both locations are null" classname="com.strataresolve.ticket.service.DuplicateDetectionServiceTest$IsLocationMatch" time="0.002"/>
  <system-out><![CDATA[]]></system-out>
  <system-err><![CDATA[]]></system-err>
</testsuite>
