<?xml version="1.0" encoding="UTF-8"?>
<testsuite name="Resolution Compliance Logic" tests="4" skipped="0" failures="0" errors="0" timestamp="2026-07-01T14:14:35" hostname="LingkeshVerse.local" time="0.013">
  <properties/>
  <testcase name="should be breached when not resolved and status shows resolution breach" classname="com.strataresolve.reporting.service.SlaReportServiceTest$ResolutionComplianceTests" time="0.002"/>
  <testcase name="should be compliant when resolved before deadline" classname="com.strataresolve.reporting.service.SlaReportServiceTest$ResolutionComplianceTests" time="0.002"/>
  <testcase name="should be breached when resolved after deadline" classname="com.strataresolve.reporting.service.SlaReportServiceTest$ResolutionComplianceTests" time="0.003"/>
  <testcase name="should be compliant when not resolved but on track" classname="com.strataresolve.reporting.service.SlaReportServiceTest$ResolutionComplianceTests" time="0.003"/>
  <system-out><![CDATA[]]></system-out>
  <system-err><![CDATA[]]></system-err>
</testsuite>
