<?xml version="1.0" encoding="UTF-8"?>
<testsuite name="Error message quality" tests="2" skipped="0" failures="0" errors="0" timestamp="2026-07-01T14:14:36" hostname="LingkeshVerse.local" time="0.004">
  <properties/>
  <testcase name="error message for invalid transition includes both statuses" classname="com.strataresolve.ticket.policy.StatusWorkflowEngineTest$ErrorMessages" time="0.002"/>
  <testcase name="error message for terminal status transition includes statuses" classname="com.strataresolve.ticket.policy.StatusWorkflowEngineTest$ErrorMessages" time="0.002"/>
  <system-out><![CDATA[]]></system-out>
  <system-err><![CDATA[]]></system-err>
</testsuite>
