<?xml version="1.0" encoding="UTF-8"?>
<testsuite name="update" tests="2" skipped="0" failures="0" errors="0" timestamp="2026-07-01T14:14:36" hostname="LingkeshVerse.local" time="0.007">
  <properties/>
  <testcase name="should update policy hours successfully" classname="com.strataresolve.sla.service.SlaPolicyServiceTest$UpdateTests" time="0.003"/>
  <testcase name="should throw ResourceNotFoundException when policy does not exist" classname="com.strataresolve.sla.service.SlaPolicyServiceTest$UpdateTests" time="0.003"/>
  <system-out><![CDATA[]]></system-out>
  <system-err><![CDATA[]]></system-err>
</testsuite>
