<?xml version="1.0" encoding="UTF-8"?>
<testsuite name="com.strataresolve.vendor.domain.WorkOrderStatusTest" tests="21" skipped="0" failures="0" errors="0" timestamp="2026-07-01T14:14:38" hostname="LingkeshVerse.local" time="0.023">
  <properties/>
  <testcase name="accepted_canTransitionToCancelled()" classname="com.strataresolve.vendor.domain.WorkOrderStatusTest" time="0.0"/>
  <testcase name="inProgress_canTransitionToCompleted()" classname="com.strataresolve.vendor.domain.WorkOrderStatusTest" time="0.001"/>
  <testcase name="created_canTransitionToCancelled()" classname="com.strataresolve.vendor.domain.WorkOrderStatusTest" time="0.0"/>
  <testcase name="inProgress_cannotTransitionToAccepted()" classname="com.strataresolve.vendor.domain.WorkOrderStatusTest" time="0.001"/>
  <testcase name="[1] target=CREATED" classname="com.strataresolve.vendor.domain.WorkOrderStatusTest" time="0.001"/>
  <testcase name="[2] target=ACCEPTED" classname="com.strataresolve.vendor.domain.WorkOrderStatusTest" time="0.0"/>
  <testcase name="[3] target=IN_PROGRESS" classname="com.strataresolve.vendor.domain.WorkOrderStatusTest" time="0.001"/>
  <testcase name="[4] target=COMPLETED" classname="com.strataresolve.vendor.domain.WorkOrderStatusTest" time="0.0"/>
  <testcase name="[5] target=CANCELLED" classname="com.strataresolve.vendor.domain.WorkOrderStatusTest" time="0.001"/>
  <testcase name="created_cannotTransitionToCompleted()" classname="com.strataresolve.vendor.domain.WorkOrderStatusTest" time="0.001"/>
  <testcase name="inProgress_canTransitionToCancelled()" classname="com.strataresolve.vendor.domain.WorkOrderStatusTest" time="0.0"/>
  <testcase name="created_canTransitionToAccepted()" classname="com.strataresolve.vendor.domain.WorkOrderStatusTest" time="0.0"/>
  <testcase name="accepted_canTransitionToInProgress()" classname="com.strataresolve.vendor.domain.WorkOrderStatusTest" time="0.0"/>
  <testcase name="[1] target=CREATED" classname="com.strataresolve.vendor.domain.WorkOrderStatusTest" time="0.0"/>
  <testcase name="[2] target=ACCEPTED" classname="com.strataresolve.vendor.domain.WorkOrderStatusTest" time="0.0"/>
  <testcase name="[3] target=IN_PROGRESS" classname="com.strataresolve.vendor.domain.WorkOrderStatusTest" time="0.0"/>
  <testcase name="[4] target=COMPLETED" classname="com.strataresolve.vendor.domain.WorkOrderStatusTest" time="0.001"/>
  <testcase name="[5] target=CANCELLED" classname="com.strataresolve.vendor.domain.WorkOrderStatusTest" time="0.0"/>
  <testcase name="noStatus_canTransitionToCreated()" classname="com.strataresolve.vendor.domain.WorkOrderStatusTest" time="0.001"/>
  <testcase name="created_cannotTransitionToInProgress()" classname="com.strataresolve.vendor.domain.WorkOrderStatusTest" time="0.0"/>
  <testcase name="accepted_cannotTransitionToCompleted()" classname="com.strataresolve.vendor.domain.WorkOrderStatusTest" time="0.0"/>
  <system-out><![CDATA[]]></system-out>
  <system-err><![CDATA[]]></system-err>
</testsuite>
