<?xml version="1.0" encoding="UTF-8"?>
<testsuite name="calculateTargets" tests="4" skipped="0" failures="0" errors="0" timestamp="2026-07-01T14:14:36" hostname="LingkeshVerse.local" time="0.015">
  <properties/>
  <testcase name="should return null targets when no policy exists" classname="com.strataresolve.sla.service.SlaCalculatorTest$CalculateTargetsTests" time="0.002"/>
  <testcase name="should use property timezone for calendar-hour calculation" classname="com.strataresolve.sla.service.SlaCalculatorTest$CalculateTargetsTests" time="0.003"/>
  <testcase name="should calculate targets from resolved policy" classname="com.strataresolve.sla.service.SlaCalculatorTest$CalculateTargetsTests" time="0.002"/>
  <testcase name="resolution_due_at should always be after acknowledgement_due_at when resolution hours &gt; ack hours" classname="com.strataresolve.sla.service.SlaCalculatorTest$CalculateTargetsTests" time="0.005"/>
  <system-out><![CDATA[]]></system-out>
  <system-err><![CDATA[]]></system-err>
</testsuite>
