<?xml version="1.0" encoding="UTF-8"?>
<testsuite name="Resolve Transition" tests="1" skipped="0" failures="0" errors="0" timestamp="2026-07-01T14:14:38" hostname="LingkeshVerse.local" time="0.004">
  <properties/>
  <testcase name="should transition to RESOLVED and record resolved_at timestamp" classname="com.strataresolve.ticket.service.TicketServiceTransitionTest$ResolveTransition" time="0.004"/>
  <system-out><![CDATA[22:14:38.102 [Test worker] INFO com.strataresolve.ticket.service.TicketService -- Ticket 245e5102-1949-448d-9e9d-da3913027d7b transitioned from READY_FOR_VERIFICATION to RESOLVED by user 2d3ef45b-1b71-4a08-bbb5-5c41a8c261da
]]></system-out>
  <system-err><![CDATA[]]></system-err>
</testsuite>
