<?xml version="1.0" encoding="UTF-8"?>
<testsuite name="com.strataresolve.user.service.AuthServiceTest" tests="10" skipped="0" failures="0" errors="0" timestamp="2026-07-01T14:14:38" hostname="LingkeshVerse.local" time="0.129">
  <properties/>
  <testcase name="register_withNoSpecialChar_throwsBusinessRuleViolation()" classname="com.strataresolve.user.service.AuthServiceTest" time="0.108"/>
  <testcase name="register_withNullPhone_createsUserSuccessfully()" classname="com.strataresolve.user.service.AuthServiceTest" time="0.001"/>
  <testcase name="register_passwordIsHashedNotStoredAsPlaintext()" classname="com.strataresolve.user.service.AuthServiceTest" time="0.001"/>
  <testcase name="register_withShortPassword_throwsBusinessRuleViolation()" classname="com.strataresolve.user.service.AuthServiceTest" time="0.001"/>
  <testcase name="register_withValidRequest_createsUserWithHashedPassword()" classname="com.strataresolve.user.service.AuthServiceTest" time="0.003"/>
  <testcase name="register_withNoLowercase_throwsBusinessRuleViolation()" classname="com.strataresolve.user.service.AuthServiceTest" time="0.002"/>
  <testcase name="register_withDuplicateEmail_throwsDuplicateResourceException()" classname="com.strataresolve.user.service.AuthServiceTest" time="0.002"/>
  <testcase name="register_withNoDigit_throwsBusinessRuleViolation()" classname="com.strataresolve.user.service.AuthServiceTest" time="0.003"/>
  <testcase name="register_withNoUppercase_throwsBusinessRuleViolation()" classname="com.strataresolve.user.service.AuthServiceTest" time="0.002"/>
  <testcase name="register_withNullPassword_throwsBusinessRuleViolation()" classname="com.strataresolve.user.service.AuthServiceTest" time="0.002"/>
  <system-out><![CDATA[]]></system-out>
  <system-err><![CDATA[]]></system-err>
</testsuite>
