<?xml version="1.0" encoding="UTF-8"?>
<testsuite name="com.strataresolve.user.service.MembershipServiceTest" tests="18" skipped="0" failures="0" errors="0" timestamp="2026-07-01T14:14:38" hostname="LingkeshVerse.local" time="0.038">
  <properties/>
  <testcase name="deactivateMembership_withNonExistentId_throwsException()" classname="com.strataresolve.user.service.MembershipServiceTest" time="0.002"/>
  <testcase name="createMembership_withResidentRoleWithoutUnit_throwsException()" classname="com.strataresolve.user.service.MembershipServiceTest" time="0.003"/>
  <testcase name="createMembership_withResidentRole_requiresUnitId()" classname="com.strataresolve.user.service.MembershipServiceTest" time="0.002"/>
  <testcase name="createMembership_withValidRequest_createsMembership()" classname="com.strataresolve.user.service.MembershipServiceTest" time="0.002"/>
  <testcase name="createMembership_withNonExistentUser_throwsException()" classname="com.strataresolve.user.service.MembershipServiceTest" time="0.002"/>
  <testcase name="linkResidentToUnit_withNonExistentMembership_throwsException()" classname="com.strataresolve.user.service.MembershipServiceTest" time="0.002"/>
  <testcase name="createMembership_withNullEffectiveFrom_defaultsToToday()" classname="com.strataresolve.user.service.MembershipServiceTest" time="0.002"/>
  <testcase name="hasActiveMembership_withNoActive_returnsFalse()" classname="com.strataresolve.user.service.MembershipServiceTest" time="0.001"/>
  <testcase name="linkResidentToUnit_withResidentOwner_linksSuccessfully()" classname="com.strataresolve.user.service.MembershipServiceTest" time="0.002"/>
  <testcase name="deactivateMembership_withAlreadyInactive_throwsException()" classname="com.strataresolve.user.service.MembershipServiceTest" time="0.003"/>
  <testcase name="linkResidentToUnit_withResidentTenant_linksSuccessfully()" classname="com.strataresolve.user.service.MembershipServiceTest" time="0.002"/>
  <testcase name="deactivateMembership_preservesHistoricalData()" classname="com.strataresolve.user.service.MembershipServiceTest" time="0.002"/>
  <testcase name="createMembership_withDuplicateActiveRole_throwsException()" classname="com.strataresolve.user.service.MembershipServiceTest" time="0.002"/>
  <testcase name="hasActiveMembership_withActive_returnsTrue()" classname="com.strataresolve.user.service.MembershipServiceTest" time="0.0"/>
  <testcase name="linkResidentToUnit_withInactiveMembership_throwsException()" classname="com.strataresolve.user.service.MembershipServiceTest" time="0.001"/>
  <testcase name="getActiveMemberships_returnsActiveRecords()" classname="com.strataresolve.user.service.MembershipServiceTest" time="0.001"/>
  <testcase name="linkResidentToUnit_withNonResidentRole_throwsException()" classname="com.strataresolve.user.service.MembershipServiceTest" time="0.001"/>
  <testcase name="deactivateMembership_withActiveMembership_deactivatesSuccessfully()" classname="com.strataresolve.user.service.MembershipServiceTest" time="0.002"/>
  <system-out><![CDATA[]]></system-out>
  <system-err><![CDATA[]]></system-err>
</testsuite>
