<?xml version="1.0" encoding="UTF-8"?>
<testsuite name="Adding Comments" tests="6" skipped="0" failures="0" errors="0" timestamp="2026-07-01T14:14:37" hostname="LingkeshVerse.local" time="0.019">
  <properties/>
  <testcase name="should record author and timestamp for every comment" classname="com.strataresolve.ticket.service.CommentServiceTest$AddCommentTests" time="0.003"/>
  <testcase name="should reject comment when ticket does not exist" classname="com.strataresolve.ticket.service.CommentServiceTest$AddCommentTests" time="0.003"/>
  <testcase name="should add an internal note by a Technician" classname="com.strataresolve.ticket.service.CommentServiceTest$AddCommentTests" time="0.003"/>
  <testcase name="should add a public comment successfully" classname="com.strataresolve.ticket.service.CommentServiceTest$AddCommentTests" time="0.003"/>
  <testcase name="should add an internal note by a Property Manager" classname="com.strataresolve.ticket.service.CommentServiceTest$AddCommentTests" time="0.003"/>
  <testcase name="should reject an internal note from a Resident" classname="com.strataresolve.ticket.service.CommentServiceTest$AddCommentTests" time="0.003"/>
  <system-out><![CDATA[22:14:37.515 [Test worker] INFO com.strataresolve.ticket.service.CommentService -- Comment added to ticket b86e4378-4153-4902-b294-7c90ca090913 by user a43ec25b-8bc1-4146-a6d3-93530688df39 with visibility PUBLIC
22:14:37.521 [Test worker] INFO com.strataresolve.ticket.service.CommentService -- Comment added to ticket a70dad49-350a-4b55-94d3-c0c4718e19cf by user feff3860-658d-4acd-92d0-efb6ff2bac52 with visibility INTERNAL
22:14:37.524 [Test worker] INFO com.strataresolve.ticket.service.CommentService -- Comment added to ticket 4e896855-53da-4421-b064-ad99a340935e by user 4106fbb2-9224-4e03-a23d-969b6f94f83a with visibility PUBLIC
22:14:37.528 [Test worker] INFO com.strataresolve.ticket.service.CommentService -- Comment added to ticket f9e2086e-4ed1-4209-a11e-4d248af0f293 by user b7a7a858-e3ce-46f1-b26d-aeff865a4127 with visibility INTERNAL
]]></system-out>
  <system-err><![CDATA[]]></system-err>
</testsuite>
