<?xml version="1.0" encoding="UTF-8"?>
<testsuite name="onAssignmentCreated" tests="2" skipped="0" failures="0" errors="0" timestamp="2026-07-01T14:14:34" hostname="LingkeshVerse.local" time="0.173">
  <properties/>
  <testcase name="should include assignment type in notification body" classname="com.strataresolve.notification.service.NotificationEventListenerTest$OnAssignmentCreatedTests" time="0.168"/>
  <testcase name="should notify the assignee about new assignment" classname="com.strataresolve.notification.service.NotificationEventListenerTest$OnAssignmentCreatedTests" time="0.005"/>
  <system-out><![CDATA[22:14:34.610 [Test worker] INFO com.strataresolve.notification.service.NotificationEventListener -- Created notification for AssignmentCreatedEvent: ticket=49e66ad3-4735-45d0-b95d-bc152650cc9c, assignee=b18debc0-9a91-478d-bbb7-b0e4490dcaf2
22:14:34.614 [Test worker] INFO com.strataresolve.notification.service.NotificationEventListener -- Created notification for AssignmentCreatedEvent: ticket=6ddc4929-129d-4bf7-af07-d07e7f4bd2dc, assignee=9ef57184-e046-4052-89c9-596a03f1da98
]]></system-out>
  <system-err><![CDATA[]]></system-err>
</testsuite>
