<?xml version="1.0" encoding="UTF-8"?>
<testsuite name="com.strataresolve.shared.filestorage.LocalFileStorageServiceTest" tests="14" skipped="0" failures="0" errors="0" timestamp="2026-07-01T14:14:35" hostname="LingkeshVerse.local" time="0.11">
  <properties/>
  <testcase name="store_withGifFile_throwsUnsupportedFileTypeException()" classname="com.strataresolve.shared.filestorage.LocalFileStorageServiceTest" time="0.026"/>
  <testcase name="store_handlesFilenameWithoutExtension()" classname="com.strataresolve.shared.filestorage.LocalFileStorageServiceTest" time="0.014"/>
  <testcase name="delete_withNonExistentFile_doesNotThrow()" classname="com.strataresolve.shared.filestorage.LocalFileStorageServiceTest" time="0.003"/>
  <testcase name="store_withFileSizeAtLimit_storesSuccessfully()" classname="com.strataresolve.shared.filestorage.LocalFileStorageServiceTest" time="0.004"/>
  <testcase name="store_withUnsupportedFileType_throwsUnsupportedFileTypeException()" classname="com.strataresolve.shared.filestorage.LocalFileStorageServiceTest" time="0.003"/>
  <testcase name="store_withNullContentType_throwsUnsupportedFileTypeException()" classname="com.strataresolve.shared.filestorage.LocalFileStorageServiceTest" time="0.003"/>
  <testcase name="store_generatesUuidBasedDirectoryStructure()" classname="com.strataresolve.shared.filestorage.LocalFileStorageServiceTest" time="0.005"/>
  <testcase name="store_withFileSizeExceedingLimit_throwsPayloadTooLargeException()" classname="com.strataresolve.shared.filestorage.LocalFileStorageServiceTest" time="0.005"/>
  <testcase name="retrieve_withNonExistentFile_throwsResourceNotFoundException()" classname="com.strataresolve.shared.filestorage.LocalFileStorageServiceTest" time="0.003"/>
  <testcase name="store_withValidPdfFile_storesSuccessfully()" classname="com.strataresolve.shared.filestorage.LocalFileStorageServiceTest" time="0.004"/>
  <testcase name="delete_removesStoredFile()" classname="com.strataresolve.shared.filestorage.LocalFileStorageServiceTest" time="0.005"/>
  <testcase name="store_withValidPngFile_storesSuccessfully()" classname="com.strataresolve.shared.filestorage.LocalFileStorageServiceTest" time="0.004"/>
  <testcase name="store_withValidJpegFile_storesSuccessfully()" classname="com.strataresolve.shared.filestorage.LocalFileStorageServiceTest" time="0.015"/>
  <testcase name="store_preservesFileExtension()" classname="com.strataresolve.shared.filestorage.LocalFileStorageServiceTest" time="0.01"/>
  <system-out><![CDATA[22:14:36.041 [Test worker] WARN com.strataresolve.shared.filestorage.LocalFileStorageService -- File not found for deletion: aa/bb/nonexistent.pdf
]]></system-out>
  <system-err><![CDATA[]]></system-err>
</testsuite>
