<?xml version="1.0" encoding="UTF-8"?>
<testsuite name="com.strataresolve.vendor.service.WorkOrderServiceTest$CompleteTests" tests="2" skipped="0" failures="0" errors="0" timestamp="2026-07-01T14:14:38" hostname="LingkeshVerse.local" time="0.005">
  <properties/>
  <testcase name="complete_fromInProgressStatus_succeeds()" classname="com.strataresolve.vendor.service.WorkOrderServiceTest$CompleteTests" time="0.002"/>
  <testcase name="complete_fromCreatedStatus_throwsException()" classname="com.strataresolve.vendor.service.WorkOrderServiceTest$CompleteTests" time="0.002"/>
  <system-out><![CDATA[]]></system-out>
  <system-err><![CDATA[]]></system-err>
</testsuite>
