<?xml version="1.0" encoding="UTF-8"?>
<testsuite name="com.strataresolve.vendor.service.WorkOrderServiceTest$UploadEvidenceTests" tests="2" skipped="0" failures="0" errors="0" timestamp="2026-07-01T14:14:38" hostname="LingkeshVerse.local" time="0.05">
  <properties/>
  <testcase name="uploadEvidence_withValidFile_storesAndPublishesEvent()" classname="com.strataresolve.vendor.service.WorkOrderServiceTest$UploadEvidenceTests" time="0.045"/>
  <testcase name="uploadEvidence_withNonExistentWorkOrder_throwsException()" classname="com.strataresolve.vendor.service.WorkOrderServiceTest$UploadEvidenceTests" time="0.004"/>
  <system-out><![CDATA[]]></system-out>
  <system-err><![CDATA[]]></system-err>
</testsuite>
