<?xml version="1.0" encoding="UTF-8"?>
<testsuite name="TicketService - Submission Rate Limiting" tests="8" skipped="0" failures="0" errors="0" timestamp="2026-07-01T14:14:38" hostname="LingkeshVerse.local" time="0.038">
  <properties/>
  <testcase name="should allow submission when resident has not reached the rate limit" classname="com.strataresolve.ticket.service.TicketSubmissionRateLimitTest" time="0.004"/>
  <testcase name="should reject submission when resident has exceeded the rate limit" classname="com.strataresolve.ticket.service.TicketSubmissionRateLimitTest" time="0.003"/>
  <testcase name="rate limit should be per-resident, not global" classname="com.strataresolve.ticket.service.TicketSubmissionRateLimitTest" time="0.004"/>
  <testcase name="should include waiting period information in error message" classname="com.strataresolve.ticket.service.TicketSubmissionRateLimitTest" time="0.003"/>
  <testcase name="should check rate limit with correct time window" classname="com.strataresolve.ticket.service.TicketSubmissionRateLimitTest" time="0.01"/>
  <testcase name="should reject submission when resident has reached the rate limit" classname="com.strataresolve.ticket.service.TicketSubmissionRateLimitTest" time="0.004"/>
  <testcase name="should use default rate limit configuration when none specified" classname="com.strataresolve.ticket.service.TicketSubmissionRateLimitTest" time="0.004"/>
  <testcase name="should allow submission when count is zero" classname="com.strataresolve.ticket.service.TicketSubmissionRateLimitTest" time="0.004"/>
  <system-out><![CDATA[22:14:38.112 [Test worker] INFO com.strataresolve.ticket.service.TicketService -- Ticket submitted: 0daf0f77-b3d4-4b86-8c4d-d873f2fd3b39 (ref: SR-2025-000001) for property 9d5cc608-288b-4770-b7fd-8b832a35230e by user feb2213f-8c83-49bc-a07e-97180d8db822
22:14:38.120 [Test worker] INFO com.strataresolve.ticket.service.TicketService -- Ticket submitted: c68b6a11-453c-4a3d-8ace-ce9da5be2017 (ref: SR-2025-000004) for property dbc02f3d-ca12-4134-87b5-f1df9ebf7e7e by user e851df09-52a1-4a4f-9b3a-b71f673bd04d
22:14:38.133 [Test worker] INFO com.strataresolve.ticket.service.TicketService -- Ticket submitted: 70315ad1-79bf-494e-8a07-a65dd71ae640 (ref: SR-2025-000003) for property 6a162714-f8f0-4b94-ac10-5a662621b593 by user 2ab5902e-b26c-4743-9ea8-978c6307c671
22:14:38.146 [Test worker] INFO com.strataresolve.ticket.service.TicketService -- Ticket submitted: e9c1c4d1-ece3-47e9-8307-b108ca9562be (ref: SR-2025-000002) for property 8cad4b88-f3cb-4f0f-9332-9db38cfaa6ca by user 61a8a03c-127b-4940-8dd1-3bc442e3bf36
]]></system-out>
  <system-err><![CDATA[]]></system-err>
</testsuite>
